C:\USERS\SUDHEESH.NAIR\DESKTOP\LITIL_DIVIL_ON_WINRT\LITIL_DIVIL_ON_WINRT\LITIL_DIVIL_ON_WINRTCOMPONENT\ARM\DEBUG\LITIL_DIVIL_ON_WINRTCOMPONENT.PCH
C:\USERS\SUDHEESH.NAIR\DESKTOP\LITIL_DIVIL_ON_WINRT\LITIL_DIVIL_ON_WINRT\LITIL_DIVIL_ON_WINRTCOMPONENT\ARM\DEBUG\PCH.OBJ
C:\USERS\SUDHEESH.NAIR\DESKTOP\LITIL_DIVIL_ON_WINRT\LITIL_DIVIL_ON_WINRT\LITIL_DIVIL_ON_WINRTCOMPONENT\ARM\DEBUG\VC110.PDB
C:\USERS\SUDHEESH.NAIR\DESKTOP\LITIL_DIVIL_ON_WINRT\LITIL_DIVIL_ON_WINRT\LITIL_DIVIL_ON_WINRTCOMPONENT\ARM\DEBUG\CUBERENDERER.OBJ
C:\USERS\SUDHEESH.NAIR\DESKTOP\LITIL_DIVIL_ON_WINRT\LITIL_DIVIL_ON_WINRT\LITIL_DIVIL_ON_WINRTCOMPONENT\ARM\DEBUG\DIRECT3DBASE.OBJ
C:\USERS\SUDHEESH.NAIR\DESKTOP\LITIL_DIVIL_ON_WINRT\ARM\DEBUG\LITIL_DIVIL_ON_WINRTCOMPONENT\SIMPLEPIXELSHADER.CSO
C:\USERS\SUDHEESH.NAIR\DESKTOP\LITIL_DIVIL_ON_WINRT\ARM\DEBUG\LITIL_DIVIL_ON_WINRTCOMPONENT\SIMPLEVERTEXSHADER.CSO
C:\Users\Sudheesh.Nair\Desktop\Litil_Divil_on_WinRt\ARM\Debug\Litil_Divil_on_WinRtComponent\SimplePixelShader.cso
C:\Users\Sudheesh.Nair\Desktop\Litil_Divil_on_WinRt\ARM\Debug\Litil_Divil_on_WinRtComponent\SimpleVertexShader.cso
C:\Users\Sudheesh.Nair\Desktop\Litil_Divil_on_WinRt\Litil_Divil_on_WinRt\Litil_Divil_on_WinRtComponent\ARM\Debug\Litil_Divil_on_WinRtComponent.vcxprojResolveAssemblyReference.cache
C:\Users\Sudheesh.Nair\Desktop\Litil_Divil_on_WinRt\Litil_Divil_on_WinRt\Litil_Divil_on_WinRtComponent\ARM\Debug\CubeRenderer.obj
C:\Users\Sudheesh.Nair\Desktop\Litil_Divil_on_WinRt\Litil_Divil_on_WinRt\Litil_Divil_on_WinRtComponent\ARM\Debug\Direct3DBase.obj
C:\Users\Sudheesh.Nair\Desktop\Litil_Divil_on_WinRt\Litil_Divil_on_WinRt\Litil_Divil_on_WinRtComponent\ARM\Debug\pch.obj
C:\Users\Sudheesh.Nair\Desktop\Litil_Divil_on_WinRt\Litil_Divil_on_WinRt\Litil_Divil_on_WinRtComponent\ARM\Debug\CL.3372.read.1.tlog
C:\Users\Sudheesh.Nair\Desktop\Litil_Divil_on_WinRt\Litil_Divil_on_WinRt\Litil_Divil_on_WinRtComponent\ARM\Debug\CL.3372.write.1.tlog
C:\Users\Sudheesh.Nair\Desktop\Litil_Divil_on_WinRt\Litil_Divil_on_WinRt\Litil_Divil_on_WinRtComponent\ARM\Debug\CL.6700.read.1.tlog
C:\Users\Sudheesh.Nair\Desktop\Litil_Divil_on_WinRt\Litil_Divil_on_WinRt\Litil_Divil_on_WinRtComponent\ARM\Debug\CL.6700.write.1.tlog
C:\Users\Sudheesh.Nair\Desktop\Litil_Divil_on_WinRt\Litil_Divil_on_WinRt\Litil_Divil_on_WinRtComponent\ARM\Debug\CL.7948.read.1.tlog
C:\Users\Sudheesh.Nair\Desktop\Litil_Divil_on_WinRt\Litil_Divil_on_WinRt\Litil_Divil_on_WinRtComponent\ARM\Debug\CL.7948.write.1.tlog
C:\Users\Sudheesh.Nair\Desktop\Litil_Divil_on_WinRt\Litil_Divil_on_WinRt\Litil_Divil_on_WinRtComponent\ARM\Debug\CL.9088.read.1.tlog
C:\Users\Sudheesh.Nair\Desktop\Litil_Divil_on_WinRt\Litil_Divil_on_WinRt\Litil_Divil_on_WinRtComponent\ARM\Debug\CL.9088.write.1.tlog
C:\Users\Sudheesh.Nair\Desktop\Litil_Divil_on_WinRt\Litil_Divil_on_WinRt\Litil_Divil_on_WinRtComponent\ARM\Debug\cl.command.1.tlog
C:\Users\Sudheesh.Nair\Desktop\Litil_Divil_on_WinRt\Litil_Divil_on_WinRt\Litil_Divil_on_WinRtComponent\ARM\Debug\CL.read.1.tlog
C:\Users\Sudheesh.Nair\Desktop\Litil_Divil_on_WinRt\Litil_Divil_on_WinRt\Litil_Divil_on_WinRtComponent\ARM\Debug\CL.write.1.tlog
C:\Users\Sudheesh.Nair\Desktop\Litil_Divil_on_WinRt\Litil_Divil_on_WinRt\Litil_Divil_on_WinRtComponent\ARM\Debug\FXC.command.1.tlog
C:\Users\Sudheesh.Nair\Desktop\Litil_Divil_on_WinRt\Litil_Divil_on_WinRt\Litil_Divil_on_WinRtComponent\ARM\Debug\fxc.read.1.tlog
C:\Users\Sudheesh.Nair\Desktop\Litil_Divil_on_WinRt\Litil_Divil_on_WinRt\Litil_Divil_on_WinRtComponent\ARM\Debug\fxc.write.1.tlog
C:\Users\Sudheesh.Nair\Desktop\Litil_Divil_on_WinRt\Litil_Divil_on_WinRt\Litil_Divil_on_WinRtComponent\ARM\Debug\Litil_Divil_on_WinRtComponent.write.1.tlog
C:\Users\Sudheesh.Nair\Desktop\Litil_Divil_on_WinRt\Litil_Divil_on_WinRt\Litil_Divil_on_WinRtComponent\ARM\Debug\Litil_Divil_on_WinRtComponent.pch
C:\Users\Sudheesh.Nair\Desktop\Litil_Divil_on_WinRt\Litil_Divil_on_WinRt\Litil_Divil_on_WinRtComponent\ARM\Debug\vc110.pdb
