C:\USERS\SUDHEESH.NAIR\DESKTOP\LITIL_DIVIL_ON_WINRT\LITIL_DIVIL_ON_WINRT\LITIL_DIVIL_ON_WINRTCOMPONENT\RELEASE\LITIL_DIVIL_ON_WINRTCOMPONENT.PCH
C:\USERS\SUDHEESH.NAIR\DESKTOP\LITIL_DIVIL_ON_WINRT\LITIL_DIVIL_ON_WINRT\LITIL_DIVIL_ON_WINRTCOMPONENT\RELEASE\PCH.OBJ
C:\USERS\SUDHEESH.NAIR\DESKTOP\LITIL_DIVIL_ON_WINRT\LITIL_DIVIL_ON_WINRT\LITIL_DIVIL_ON_WINRTCOMPONENT\RELEASE\VC110.PDB
C:\USERS\SUDHEESH.NAIR\DESKTOP\LITIL_DIVIL_ON_WINRT\LITIL_DIVIL_ON_WINRT\LITIL_DIVIL_ON_WINRTCOMPONENT\RELEASE\DIRECT3DCONTENTPROVIDER.OBJ
C:\USERS\SUDHEESH.NAIR\DESKTOP\LITIL_DIVIL_ON_WINRT\LITIL_DIVIL_ON_WINRT\LITIL_DIVIL_ON_WINRTCOMPONENT\RELEASE\LITIL_DIVIL_ON_WINRTCOMPONENT.OBJ
C:\USERS\SUDHEESH.NAIR\DESKTOP\LITIL_DIVIL_ON_WINRT\LITIL_DIVIL_ON_WINRT\LITIL_DIVIL_ON_WINRTCOMPONENT\RELEASE\CUBERENDERER.OBJ
C:\USERS\SUDHEESH.NAIR\DESKTOP\LITIL_DIVIL_ON_WINRT\LITIL_DIVIL_ON_WINRT\LITIL_DIVIL_ON_WINRTCOMPONENT\RELEASE\DIRECT3DBASE.OBJ
C:\USERS\SUDHEESH.NAIR\DESKTOP\LITIL_DIVIL_ON_WINRT\RELEASE\LITIL_DIVIL_ON_WINRTCOMPONENT\SIMPLEPIXELSHADER.CSO
C:\USERS\SUDHEESH.NAIR\DESKTOP\LITIL_DIVIL_ON_WINRT\RELEASE\LITIL_DIVIL_ON_WINRTCOMPONENT\SIMPLEVERTEXSHADER.CSO
C:\Users\Sudheesh.Nair\Desktop\Litil_Divil_on_WinRt\Release\Litil_Divil_on_WinRtComponent\SimplePixelShader.cso
C:\Users\Sudheesh.Nair\Desktop\Litil_Divil_on_WinRt\Release\Litil_Divil_on_WinRtComponent\SimpleVertexShader.cso
C:\Users\Sudheesh.Nair\Desktop\Litil_Divil_on_WinRt\Release\Litil_Divil_on_WinRtComponent\Litil_Divil_on_WinRtComponent.lib
C:\Users\Sudheesh.Nair\Desktop\Litil_Divil_on_WinRt\Release\Litil_Divil_on_WinRtComponent\Litil_Divil_on_WinRtComponent.exp
C:\Users\Sudheesh.Nair\Desktop\Litil_Divil_on_WinRt\Litil_Divil_on_WinRt\Litil_Divil_on_WinRtComponent\Release\Litil_Divil_on_WinRtComponent.vcxprojResolveAssemblyReference.cache
C:\Users\Sudheesh.Nair\Desktop\Litil_Divil_on_WinRt\Litil_Divil_on_WinRt\Litil_Divil_on_WinRtComponent\Release\CubeRenderer.obj
C:\Users\Sudheesh.Nair\Desktop\Litil_Divil_on_WinRt\Litil_Divil_on_WinRt\Litil_Divil_on_WinRtComponent\Release\Direct3DBase.obj
C:\Users\Sudheesh.Nair\Desktop\Litil_Divil_on_WinRt\Litil_Divil_on_WinRt\Litil_Divil_on_WinRtComponent\Release\Direct3DContentProvider.obj
C:\Users\Sudheesh.Nair\Desktop\Litil_Divil_on_WinRt\Litil_Divil_on_WinRt\Litil_Divil_on_WinRtComponent\Release\Litil_Divil_on_WinRtComponent.obj
C:\Users\Sudheesh.Nair\Desktop\Litil_Divil_on_WinRt\Litil_Divil_on_WinRt\Litil_Divil_on_WinRtComponent\Release\pch.obj
C:\Users\Sudheesh.Nair\Desktop\Litil_Divil_on_WinRt\Litil_Divil_on_WinRt\Litil_Divil_on_WinRtComponent\Release\CL.2992.read.1.tlog
C:\Users\Sudheesh.Nair\Desktop\Litil_Divil_on_WinRt\Litil_Divil_on_WinRt\Litil_Divil_on_WinRtComponent\Release\CL.2992.write.1.tlog
C:\Users\Sudheesh.Nair\Desktop\Litil_Divil_on_WinRt\Litil_Divil_on_WinRt\Litil_Divil_on_WinRtComponent\Release\CL.5444.read.1.tlog
C:\Users\Sudheesh.Nair\Desktop\Litil_Divil_on_WinRt\Litil_Divil_on_WinRt\Litil_Divil_on_WinRtComponent\Release\CL.5444.write.1.tlog
C:\Users\Sudheesh.Nair\Desktop\Litil_Divil_on_WinRt\Litil_Divil_on_WinRt\Litil_Divil_on_WinRtComponent\Release\CL.7780.read.1.tlog
C:\Users\Sudheesh.Nair\Desktop\Litil_Divil_on_WinRt\Litil_Divil_on_WinRt\Litil_Divil_on_WinRtComponent\Release\CL.7780.write.1.tlog
C:\Users\Sudheesh.Nair\Desktop\Litil_Divil_on_WinRt\Litil_Divil_on_WinRt\Litil_Divil_on_WinRtComponent\Release\CL.7992.read.1.tlog
C:\Users\Sudheesh.Nair\Desktop\Litil_Divil_on_WinRt\Litil_Divil_on_WinRt\Litil_Divil_on_WinRtComponent\Release\CL.7992.write.1.tlog
C:\Users\Sudheesh.Nair\Desktop\Litil_Divil_on_WinRt\Litil_Divil_on_WinRt\Litil_Divil_on_WinRtComponent\Release\cl.command.1.tlog
C:\Users\Sudheesh.Nair\Desktop\Litil_Divil_on_WinRt\Litil_Divil_on_WinRt\Litil_Divil_on_WinRtComponent\Release\CL.read.1.tlog
C:\Users\Sudheesh.Nair\Desktop\Litil_Divil_on_WinRt\Litil_Divil_on_WinRt\Litil_Divil_on_WinRtComponent\Release\CL.write.1.tlog
C:\Users\Sudheesh.Nair\Desktop\Litil_Divil_on_WinRt\Litil_Divil_on_WinRt\Litil_Divil_on_WinRtComponent\Release\FXC.command.1.tlog
C:\Users\Sudheesh.Nair\Desktop\Litil_Divil_on_WinRt\Litil_Divil_on_WinRt\Litil_Divil_on_WinRtComponent\Release\fxc.read.1.tlog
C:\Users\Sudheesh.Nair\Desktop\Litil_Divil_on_WinRt\Litil_Divil_on_WinRt\Litil_Divil_on_WinRtComponent\Release\fxc.write.1.tlog
C:\Users\Sudheesh.Nair\Desktop\Litil_Divil_on_WinRt\Litil_Divil_on_WinRt\Litil_Divil_on_WinRtComponent\Release\link.command.1.tlog
C:\Users\Sudheesh.Nair\Desktop\Litil_Divil_on_WinRt\Litil_Divil_on_WinRt\Litil_Divil_on_WinRtComponent\Release\link.read.1.tlog
C:\Users\Sudheesh.Nair\Desktop\Litil_Divil_on_WinRt\Litil_Divil_on_WinRt\Litil_Divil_on_WinRtComponent\Release\link.write.1.tlog
C:\Users\Sudheesh.Nair\Desktop\Litil_Divil_on_WinRt\Litil_Divil_on_WinRt\Litil_Divil_on_WinRtComponent\Release\Litil_Divil_on_WinRtComponent.write.1.tlog
C:\Users\Sudheesh.Nair\Desktop\Litil_Divil_on_WinRt\Litil_Divil_on_WinRt\Litil_Divil_on_WinRtComponent\Release\Litil_Divil_on_WinRtComponent.pch
C:\Users\Sudheesh.Nair\Desktop\Litil_Divil_on_WinRt\Litil_Divil_on_WinRt\Litil_Divil_on_WinRtComponent\Release\vc110.pdb
C:\Users\Sudheesh.Nair\Desktop\Litil_Divil_on_WinRt\Release\Litil_Divil_on_WinRtComponent\Litil_Divil_on_WinRtComponent.pdb
