Build started 7/30/2014 12:49:43 PM.
     1>Project "C:\Users\Sudheesh.Nair\Desktop\Litil_Divil_on_WinRt\Litil_Divil_on_WinRt\Litil_Divil_on_WinRtComponent\Litil_Divil_on_WinRtComponent.vcxproj" on node 2 (Rebuild target(s)).
     1>FxCompile:
         C:\Program Files (x86)\Windows Kits\8.0\bin\x86\fxc.exe /nologo /E"main" /T ps_4_0_level_9_3 /Fo "C:\Users\Sudheesh.Nair\Desktop\Litil_Divil_on_WinRt\Release\Litil_Divil_on_WinRtComponent\SimplePixelShader.cso" SimplePixelShader.hlsl 
         compilation object save succeeded; see C:\Users\Sudheesh.Nair\Desktop\Litil_Divil_on_WinRt\Release\Litil_Divil_on_WinRtComponent\SimplePixelShader.cso
         C:\Program Files (x86)\Windows Kits\8.0\bin\x86\fxc.exe /nologo /E"main" /T vs_4_0_level_9_3 /Fo "C:\Users\Sudheesh.Nair\Desktop\Litil_Divil_on_WinRt\Release\Litil_Divil_on_WinRtComponent\SimpleVertexShader.cso" SimpleVertexShader.hlsl 
         compilation object save succeeded; see C:\Users\Sudheesh.Nair\Desktop\Litil_Divil_on_WinRt\Release\Litil_Divil_on_WinRtComponent\SimpleVertexShader.cso
       ClCompile:
         C:\Program Files (x86)\Microsoft Visual Studio 11.0\VC\WPSDK\WP80\bin\CL.exe /c /IC:\Users\Sudheesh.Nair\Desktop\Litil_Divil_on_WinRt\Litil_Divil_on_WinRt\Litil_Divil_on_WinRtComponent\ /I"Generated Files\\" /IRelease\ /AI"C:\Program Files (x86)\Windows Phone Kits\8.0\Windows Metadata" /Zi /ZW /ZW:nostdlib /nologo /W3 /WX- /sdl /MP /O2 /Oi /Oy- /GL /D _WINRT_DLL /D NDEBUG /D _WINDLL /D _UNICODE /D UNICODE /D WINAPI_FAMILY=WINAPI_FAMILY_PHONE_APP /Gm- /EHsc /MD /GS /Gy /fp:precise /Zc:wchar_t /Zc:forScope /Yc"pch.h" /Fp"Release\Litil_Divil_on_WinRtComponent.pch" /Fo"Release\\" /Fd"Release\vc110.pdb" /Gd /TP /FU"C:\Program Files (x86)\Microsoft Visual Studio 11.0\VC\WPSDK\WP80\lib\platform.winmd" /FU"C:\Program Files (x86)\Windows Phone Kits\8.0\Windows Metadata\Windows.winmd" /analyze- /errorReport:prompt pch.cpp
         pch.cpp
         C:\Program Files (x86)\Microsoft Visual Studio 11.0\VC\WPSDK\WP80\bin\CL.exe /c /IC:\Users\Sudheesh.Nair\Desktop\Litil_Divil_on_WinRt\Litil_Divil_on_WinRt\Litil_Divil_on_WinRtComponent\ /I"Generated Files\\" /IRelease\ /AI"C:\Program Files (x86)\Windows Phone Kits\8.0\Windows Metadata" /Zi /ZW /ZW:nostdlib /nologo /W3 /WX- /sdl /MP /O2 /Oi /Oy- /GL /D _WINRT_DLL /D NDEBUG /D _WINDLL /D _UNICODE /D UNICODE /D WINAPI_FAMILY=WINAPI_FAMILY_PHONE_APP /Gm- /EHsc /MD /GS /Gy /fp:precise /Zc:wchar_t /Zc:forScope /Yu"pch.h" /Fp"Release\Litil_Divil_on_WinRtComponent.pch" /Fo"Release\\" /Fd"Release\vc110.pdb" /Gd /TP /FU"C:\Program Files (x86)\Microsoft Visual Studio 11.0\VC\WPSDK\WP80\lib\platform.winmd" /FU"C:\Program Files (x86)\Windows Phone Kits\8.0\Windows Metadata\Windows.winmd" /analyze- /errorReport:prompt Litil_Divil_on_WinRtComponent.cpp CubeRenderer.cpp Direct3DBase.cpp Direct3DContentProvider.cpp Pax86Renderer.cpp
         Litil_Divil_on_WinRtComponent.cpp
         CubeRenderer.cpp
         Direct3DBase.cpp
         Direct3DContentProvider.cpp
     1>Litil_Divil_on_WinRtComponent.cpp(47): warning C4244: '=' : conversion from 'float' to 'int', possible loss of data
     1>Litil_Divil_on_WinRtComponent.cpp(48): warning C4244: '=' : conversion from 'float' to 'int', possible loss of data
     1>Litil_Divil_on_WinRtComponent.cpp(61): warning C4244: '=' : conversion from 'float' to 'int', possible loss of data
     1>Litil_Divil_on_WinRtComponent.cpp(62): warning C4244: '=' : conversion from 'float' to 'int', possible loss of data
     1>Litil_Divil_on_WinRtComponent.cpp(63): warning C4244: '=' : conversion from 'float' to 'int', possible loss of data
     1>Litil_Divil_on_WinRtComponent.cpp(64): warning C4244: '=' : conversion from 'float' to 'int', possible loss of data
         Pax86Renderer.cpp
     1>Pax86Renderer.cpp(166): error C2695: 'VoiceCallback::OnStreamEnd': overriding virtual function differs from 'IXAudio2VoiceCallback::OnStreamEnd' only by calling convention
                 C:\Program Files (x86)\Windows Phone Kits\8.0\Include\xaudio2.h(931) : see declaration of 'IXAudio2VoiceCallback::OnStreamEnd'
     1>Pax86Renderer.cpp(167): error C2695: 'VoiceCallback::OnVoiceProcessingPassEnd': overriding virtual function differs from 'IXAudio2VoiceCallback::OnVoiceProcessingPassEnd' only by calling convention
                 C:\Program Files (x86)\Windows Phone Kits\8.0\Include\xaudio2.h(927) : see declaration of 'IXAudio2VoiceCallback::OnVoiceProcessingPassEnd'
     1>Pax86Renderer.cpp(168): error C2695: 'VoiceCallback::OnVoiceProcessingPassStart': overriding virtual function differs from 'IXAudio2VoiceCallback::OnVoiceProcessingPassStart' only by calling convention
                 C:\Program Files (x86)\Windows Phone Kits\8.0\Include\xaudio2.h(924) : see declaration of 'IXAudio2VoiceCallback::OnVoiceProcessingPassStart'
     1>Pax86Renderer.cpp(169): error C2695: 'VoiceCallback::OnBufferEnd': overriding virtual function differs from 'IXAudio2VoiceCallback::OnBufferEnd' only by calling convention
                 C:\Program Files (x86)\Windows Phone Kits\8.0\Include\xaudio2.h(938) : see declaration of 'IXAudio2VoiceCallback::OnBufferEnd'
     1>Pax86Renderer.cpp(170): error C2695: 'VoiceCallback::OnBufferStart': overriding virtual function differs from 'IXAudio2VoiceCallback::OnBufferStart' only by calling convention
                 C:\Program Files (x86)\Windows Phone Kits\8.0\Include\xaudio2.h(934) : see declaration of 'IXAudio2VoiceCallback::OnBufferStart'
     1>Pax86Renderer.cpp(183): error C2695: 'VoiceCallback::OnLoopEnd': overriding virtual function differs from 'IXAudio2VoiceCallback::OnLoopEnd' only by calling convention
                 C:\Program Files (x86)\Windows Phone Kits\8.0\Include\xaudio2.h(941) : see declaration of 'IXAudio2VoiceCallback::OnLoopEnd'
     1>Pax86Renderer.cpp(184): error C2695: 'VoiceCallback::OnVoiceError': overriding virtual function differs from 'IXAudio2VoiceCallback::OnVoiceError' only by calling convention
                 C:\Program Files (x86)\Windows Phone Kits\8.0\Include\xaudio2.h(948) : see declaration of 'IXAudio2VoiceCallback::OnVoiceError'
     1>Done Building Project "C:\Users\Sudheesh.Nair\Desktop\Litil_Divil_on_WinRt\Litil_Divil_on_WinRt\Litil_Divil_on_WinRtComponent\Litil_Divil_on_WinRtComponent.vcxproj" (Rebuild target(s)) -- FAILED.

Build FAILED.

Time Elapsed 00:00:08.25
