C:\USERS\SUDHEESH.NAIR\DESKTOP\LITIL_DIVIL_ON_WINRT\LITIL_DIVIL_ON_WINRT\LITIL_DIVIL_ON_WINRTCOMPONENT\ARM\RELEASE\LITIL_DIVIL_ON_WINRTCOMPONENT.PCH
C:\USERS\SUDHEESH.NAIR\DESKTOP\LITIL_DIVIL_ON_WINRT\LITIL_DIVIL_ON_WINRT\LITIL_DIVIL_ON_WINRTCOMPONENT\ARM\RELEASE\PCH.OBJ
C:\USERS\SUDHEESH.NAIR\DESKTOP\LITIL_DIVIL_ON_WINRT\LITIL_DIVIL_ON_WINRT\LITIL_DIVIL_ON_WINRTCOMPONENT\ARM\RELEASE\VC110.PDB
C:\USERS\SUDHEESH.NAIR\DESKTOP\LITIL_DIVIL_ON_WINRT\LITIL_DIVIL_ON_WINRT\LITIL_DIVIL_ON_WINRTCOMPONENT\ARM\RELEASE\DIRECT3DBASE.OBJ
C:\USERS\SUDHEESH.NAIR\DESKTOP\LITIL_DIVIL_ON_WINRT\LITIL_DIVIL_ON_WINRT\LITIL_DIVIL_ON_WINRTCOMPONENT\ARM\RELEASE\PAX86RENDERER.OBJ
C:\USERS\SUDHEESH.NAIR\DESKTOP\LITIL_DIVIL_ON_WINRT\LITIL_DIVIL_ON_WINRT\LITIL_DIVIL_ON_WINRTCOMPONENT\ARM\RELEASE\LITIL_DIVIL_ON_WINRTCOMPONENT.OBJ
C:\USERS\SUDHEESH.NAIR\DESKTOP\LITIL_DIVIL_ON_WINRT\LITIL_DIVIL_ON_WINRT\LITIL_DIVIL_ON_WINRTCOMPONENT\ARM\RELEASE\DIRECT3DCONTENTPROVIDER.OBJ
C:\USERS\SUDHEESH.NAIR\DESKTOP\LITIL_DIVIL_ON_WINRT\LITIL_DIVIL_ON_WINRT\LITIL_DIVIL_ON_WINRTCOMPONENT\ARM\RELEASE\CUBERENDERER.OBJ
C:\USERS\SUDHEESH.NAIR\DESKTOP\LITIL_DIVIL_ON_WINRT\ARM\RELEASE\LITIL_DIVIL_ON_WINRTCOMPONENT\SIMPLEPIXELSHADER.CSO
C:\USERS\SUDHEESH.NAIR\DESKTOP\LITIL_DIVIL_ON_WINRT\ARM\RELEASE\LITIL_DIVIL_ON_WINRTCOMPONENT\SIMPLEVERTEXSHADER.CSO
C:\USERS\SUDHEESH.NAIR\DESKTOP\LITIL_DIVIL_ON_WINRT\ARM\RELEASE\LITIL_DIVIL_ON_WINRTCOMPONENT\LITIL_DIVIL_ON_WINRTCOMPONENT.DLL
C:\USERS\SUDHEESH.NAIR\DESKTOP\LITIL_DIVIL_ON_WINRT\ARM\RELEASE\LITIL_DIVIL_ON_WINRTCOMPONENT\PHONEDIRECT3DXAMLAPPCOMPONENT.WINMD
C:\USERS\SUDHEESH.NAIR\DESKTOP\LITIL_DIVIL_ON_WINRT\ARM\RELEASE\LITIL_DIVIL_ON_WINRTCOMPONENT\LITIL_DIVIL_ON_WINRTCOMPONENT.PDB
C:\Users\Sudheesh.Nair\Desktop\Litil_Divil_on_WinRt\ARM\Release\Litil_Divil_on_WinRtComponent\SimplePixelShader.cso
C:\Users\Sudheesh.Nair\Desktop\Litil_Divil_on_WinRt\ARM\Release\Litil_Divil_on_WinRtComponent\SimpleVertexShader.cso
C:\Users\Sudheesh.Nair\Desktop\Litil_Divil_on_WinRt\ARM\Release\Litil_Divil_on_WinRtComponent\Litil_Divil_on_WinRtComponent.lib
C:\Users\Sudheesh.Nair\Desktop\Litil_Divil_on_WinRt\ARM\Release\Litil_Divil_on_WinRtComponent\Litil_Divil_on_WinRtComponent.exp
C:\Users\Sudheesh.Nair\Desktop\Litil_Divil_on_WinRt\Litil_Divil_on_WinRt\Litil_Divil_on_WinRtComponent\ARM\Release\CubeRenderer.obj
C:\Users\Sudheesh.Nair\Desktop\Litil_Divil_on_WinRt\Litil_Divil_on_WinRt\Litil_Divil_on_WinRtComponent\ARM\Release\Direct3DBase.obj
C:\Users\Sudheesh.Nair\Desktop\Litil_Divil_on_WinRt\Litil_Divil_on_WinRt\Litil_Divil_on_WinRtComponent\ARM\Release\Direct3DContentProvider.obj
C:\Users\Sudheesh.Nair\Desktop\Litil_Divil_on_WinRt\Litil_Divil_on_WinRt\Litil_Divil_on_WinRtComponent\ARM\Release\Litil_Divil_on_WinRtComponent.obj
C:\Users\Sudheesh.Nair\Desktop\Litil_Divil_on_WinRt\Litil_Divil_on_WinRt\Litil_Divil_on_WinRtComponent\ARM\Release\Pax86Renderer.obj
C:\Users\Sudheesh.Nair\Desktop\Litil_Divil_on_WinRt\Litil_Divil_on_WinRt\Litil_Divil_on_WinRtComponent\ARM\Release\pch.obj
C:\Users\Sudheesh.Nair\Desktop\Litil_Divil_on_WinRt\Litil_Divil_on_WinRt\Litil_Divil_on_WinRtComponent\ARM\Release\CL.1420.read.1.tlog
C:\Users\Sudheesh.Nair\Desktop\Litil_Divil_on_WinRt\Litil_Divil_on_WinRt\Litil_Divil_on_WinRtComponent\ARM\Release\CL.1420.write.1.tlog
C:\Users\Sudheesh.Nair\Desktop\Litil_Divil_on_WinRt\Litil_Divil_on_WinRt\Litil_Divil_on_WinRtComponent\ARM\Release\CL.4320.read.1.tlog
C:\Users\Sudheesh.Nair\Desktop\Litil_Divil_on_WinRt\Litil_Divil_on_WinRt\Litil_Divil_on_WinRtComponent\ARM\Release\CL.4320.write.1.tlog
C:\Users\Sudheesh.Nair\Desktop\Litil_Divil_on_WinRt\Litil_Divil_on_WinRt\Litil_Divil_on_WinRtComponent\ARM\Release\CL.4612.read.1.tlog
C:\Users\Sudheesh.Nair\Desktop\Litil_Divil_on_WinRt\Litil_Divil_on_WinRt\Litil_Divil_on_WinRtComponent\ARM\Release\CL.4612.write.1.tlog
C:\Users\Sudheesh.Nair\Desktop\Litil_Divil_on_WinRt\Litil_Divil_on_WinRt\Litil_Divil_on_WinRtComponent\ARM\Release\CL.4888.read.1.tlog
C:\Users\Sudheesh.Nair\Desktop\Litil_Divil_on_WinRt\Litil_Divil_on_WinRt\Litil_Divil_on_WinRtComponent\ARM\Release\CL.4888.write.1.tlog
C:\Users\Sudheesh.Nair\Desktop\Litil_Divil_on_WinRt\Litil_Divil_on_WinRt\Litil_Divil_on_WinRtComponent\ARM\Release\cl.command.1.tlog
C:\Users\Sudheesh.Nair\Desktop\Litil_Divil_on_WinRt\Litil_Divil_on_WinRt\Litil_Divil_on_WinRtComponent\ARM\Release\CL.read.1.tlog
C:\Users\Sudheesh.Nair\Desktop\Litil_Divil_on_WinRt\Litil_Divil_on_WinRt\Litil_Divil_on_WinRtComponent\ARM\Release\CL.write.1.tlog
C:\Users\Sudheesh.Nair\Desktop\Litil_Divil_on_WinRt\Litil_Divil_on_WinRt\Litil_Divil_on_WinRtComponent\ARM\Release\FXC.command.1.tlog
C:\Users\Sudheesh.Nair\Desktop\Litil_Divil_on_WinRt\Litil_Divil_on_WinRt\Litil_Divil_on_WinRtComponent\ARM\Release\fxc.read.1.tlog
C:\Users\Sudheesh.Nair\Desktop\Litil_Divil_on_WinRt\Litil_Divil_on_WinRt\Litil_Divil_on_WinRtComponent\ARM\Release\fxc.write.1.tlog
C:\Users\Sudheesh.Nair\Desktop\Litil_Divil_on_WinRt\Litil_Divil_on_WinRt\Litil_Divil_on_WinRtComponent\ARM\Release\link.command.1.tlog
C:\Users\Sudheesh.Nair\Desktop\Litil_Divil_on_WinRt\Litil_Divil_on_WinRt\Litil_Divil_on_WinRtComponent\ARM\Release\link.read.1.tlog
C:\Users\Sudheesh.Nair\Desktop\Litil_Divil_on_WinRt\Litil_Divil_on_WinRt\Litil_Divil_on_WinRtComponent\ARM\Release\link.write.1.tlog
C:\Users\Sudheesh.Nair\Desktop\Litil_Divil_on_WinRt\Litil_Divil_on_WinRt\Litil_Divil_on_WinRtComponent\ARM\Release\Litil_Divil_on_WinRtComponent.write.1.tlog
C:\Users\Sudheesh.Nair\Desktop\Litil_Divil_on_WinRt\Litil_Divil_on_WinRt\Litil_Divil_on_WinRtComponent\ARM\Release\Litil_Divil_on_WinRtComponent.pch
C:\Users\Sudheesh.Nair\Desktop\Litil_Divil_on_WinRt\Litil_Divil_on_WinRt\Litil_Divil_on_WinRtComponent\ARM\Release\vc110.pdb
C:\Users\Sudheesh.Nair\Desktop\Litil_Divil_on_WinRt\ARM\Release\Litil_Divil_on_WinRtComponent\Litil_Divil_on_WinRtComponent.pdb
C:\Users\Sudheesh.Nair\Desktop\Litil_Divil_on_WinRt\ARM\Release\Litil_Divil_on_WinRtComponent\Litil_Divil_on_WinRtComponent.dll
