Build started 7/30/2014 7:48:24 PM.
     1>Project "C:\Users\Sudheesh.Nair\Desktop\Backup trekmo running\Litil_Divil_on_WinRt\Litil_Divil_on_WinRt\Litil_Divil_on_WinRtComponent\Litil_Divil_on_WinRtComponent.vcxproj" on node 2 (Build target(s)).
     1>ClCompile:
         C:\Program Files (x86)\Microsoft Visual Studio 11.0\VC\WPSDK\WP80\bin\CL.exe /c /I"C:\Users\Sudheesh.Nair\Desktop\Backup trekmo running\Litil_Divil_on_WinRt\pax86\include" /I"C:\Users\Sudheesh.Nair\Desktop\Backup trekmo running\Litil_Divil_on_WinRt\Litil_Divil_on_WinRt\Litil_Divil_on_WinRtComponent\\" /I"Generated Files\\" /IDebug\ /AI"C:\Program Files (x86)\Windows Phone Kits\8.0\Windows Metadata" /ZI /ZW /ZW:nostdlib /nologo /W3 /WX- /sdl /MP /Od /Oy- /D _WINRT_DLL /D _WINDLL /D _UNICODE /D UNICODE /D _DEBUG /D WINAPI_FAMILY=WINAPI_FAMILY_PHONE_APP /Gm- /EHsc /RTC1 /MDd /GS /fp:precise /Zc:wchar_t /Zc:forScope /Yc"pch.h" /Fp"Debug\Litil_Divil_on_WinRtComponent.pch" /Fo"Debug\\" /Fd"Debug\vc110.pdb" /Gd /TP /FU"C:\Program Files (x86)\Microsoft Visual Studio 11.0\VC\WPSDK\WP80\lib\platform.winmd" /FU"C:\Program Files (x86)\Windows Phone Kits\8.0\Windows Metadata\Windows.winmd" /analyze- /errorReport:prompt pch.cpp
         pch.cpp
         C:\Program Files (x86)\Microsoft Visual Studio 11.0\VC\WPSDK\WP80\bin\CL.exe /c /I"C:\Users\Sudheesh.Nair\Desktop\Backup trekmo running\Litil_Divil_on_WinRt\pax86\include" /I"C:\Users\Sudheesh.Nair\Desktop\Backup trekmo running\Litil_Divil_on_WinRt\Litil_Divil_on_WinRt\Litil_Divil_on_WinRtComponent\\" /I"Generated Files\\" /IDebug\ /AI"C:\Program Files (x86)\Windows Phone Kits\8.0\Windows Metadata" /ZI /ZW /ZW:nostdlib /nologo /W3 /WX- /sdl /MP /Od /Oy- /D _WINRT_DLL /D _WINDLL /D _UNICODE /D UNICODE /D _DEBUG /D WINAPI_FAMILY=WINAPI_FAMILY_PHONE_APP /Gm- /EHsc /RTC1 /MDd /GS /fp:precise /Zc:wchar_t /Zc:forScope /Yu"pch.h" /Fp"Debug\Litil_Divil_on_WinRtComponent.pch" /Fo"Debug\\" /Fd"Debug\vc110.pdb" /Gd /TP /FU"C:\Program Files (x86)\Microsoft Visual Studio 11.0\VC\WPSDK\WP80\lib\platform.winmd" /FU"C:\Program Files (x86)\Windows Phone Kits\8.0\Windows Metadata\Windows.winmd" /analyze- /errorReport:prompt Litil_Divil_on_WinRtComponent.cpp CubeRenderer.cpp Direct3DBase.cpp Direct3DContentProvider.cpp Pax86Renderer.cpp
         Litil_Divil_on_WinRtComponent.cpp
         CubeRenderer.cpp
         Direct3DBase.cpp
         Direct3DContentProvider.cpp
     1>c:\users\sudheesh.nair\desktop\backup trekmo running\litil_divil_on_winrt\litil_divil_on_winrt\litil_divil_on_winrtcomponent\litil_divil_on_winrtcomponent.cpp(47): warning C4244: '=' : conversion from 'float' to 'int', possible loss of data
     1>c:\users\sudheesh.nair\desktop\backup trekmo running\litil_divil_on_winrt\litil_divil_on_winrt\litil_divil_on_winrtcomponent\litil_divil_on_winrtcomponent.cpp(48): warning C4244: '=' : conversion from 'float' to 'int', possible loss of data
     1>c:\users\sudheesh.nair\desktop\backup trekmo running\litil_divil_on_winrt\litil_divil_on_winrt\litil_divil_on_winrtcomponent\litil_divil_on_winrtcomponent.cpp(61): warning C4244: '=' : conversion from 'float' to 'int', possible loss of data
     1>c:\users\sudheesh.nair\desktop\backup trekmo running\litil_divil_on_winrt\litil_divil_on_winrt\litil_divil_on_winrtcomponent\litil_divil_on_winrtcomponent.cpp(62): warning C4244: '=' : conversion from 'float' to 'int', possible loss of data
     1>c:\users\sudheesh.nair\desktop\backup trekmo running\litil_divil_on_winrt\litil_divil_on_winrt\litil_divil_on_winrtcomponent\litil_divil_on_winrtcomponent.cpp(63): warning C4244: '=' : conversion from 'float' to 'int', possible loss of data
     1>c:\users\sudheesh.nair\desktop\backup trekmo running\litil_divil_on_winrt\litil_divil_on_winrt\litil_divil_on_winrtcomponent\litil_divil_on_winrtcomponent.cpp(64): warning C4244: '=' : conversion from 'float' to 'int', possible loss of data
         Pax86Renderer.cpp
     1>c:\users\sudheesh.nair\desktop\backup trekmo running\litil_divil_on_winrt\litil_divil_on_winrt\litil_divil_on_winrtcomponent\pax86renderer.cpp(166): error C2695: 'VoiceCallback::OnStreamEnd': overriding virtual function differs from 'IXAudio2VoiceCallback::OnStreamEnd' only by calling convention
                 c:\program files (x86)\windows phone kits\8.0\include\xaudio2.h(931) : see declaration of 'IXAudio2VoiceCallback::OnStreamEnd'
     1>c:\users\sudheesh.nair\desktop\backup trekmo running\litil_divil_on_winrt\litil_divil_on_winrt\litil_divil_on_winrtcomponent\pax86renderer.cpp(167): error C2695: 'VoiceCallback::OnVoiceProcessingPassEnd': overriding virtual function differs from 'IXAudio2VoiceCallback::OnVoiceProcessingPassEnd' only by calling convention
                 c:\program files (x86)\windows phone kits\8.0\include\xaudio2.h(927) : see declaration of 'IXAudio2VoiceCallback::OnVoiceProcessingPassEnd'
     1>c:\users\sudheesh.nair\desktop\backup trekmo running\litil_divil_on_winrt\litil_divil_on_winrt\litil_divil_on_winrtcomponent\pax86renderer.cpp(168): error C2695: 'VoiceCallback::OnVoiceProcessingPassStart': overriding virtual function differs from 'IXAudio2VoiceCallback::OnVoiceProcessingPassStart' only by calling convention
                 c:\program files (x86)\windows phone kits\8.0\include\xaudio2.h(924) : see declaration of 'IXAudio2VoiceCallback::OnVoiceProcessingPassStart'
     1>c:\users\sudheesh.nair\desktop\backup trekmo running\litil_divil_on_winrt\litil_divil_on_winrt\litil_divil_on_winrtcomponent\pax86renderer.cpp(169): error C2695: 'VoiceCallback::OnBufferEnd': overriding virtual function differs from 'IXAudio2VoiceCallback::OnBufferEnd' only by calling convention
                 c:\program files (x86)\windows phone kits\8.0\include\xaudio2.h(938) : see declaration of 'IXAudio2VoiceCallback::OnBufferEnd'
     1>c:\users\sudheesh.nair\desktop\backup trekmo running\litil_divil_on_winrt\litil_divil_on_winrt\litil_divil_on_winrtcomponent\pax86renderer.cpp(170): error C2695: 'VoiceCallback::OnBufferStart': overriding virtual function differs from 'IXAudio2VoiceCallback::OnBufferStart' only by calling convention
                 c:\program files (x86)\windows phone kits\8.0\include\xaudio2.h(934) : see declaration of 'IXAudio2VoiceCallback::OnBufferStart'
     1>c:\users\sudheesh.nair\desktop\backup trekmo running\litil_divil_on_winrt\litil_divil_on_winrt\litil_divil_on_winrtcomponent\pax86renderer.cpp(183): error C2695: 'VoiceCallback::OnLoopEnd': overriding virtual function differs from 'IXAudio2VoiceCallback::OnLoopEnd' only by calling convention
                 c:\program files (x86)\windows phone kits\8.0\include\xaudio2.h(941) : see declaration of 'IXAudio2VoiceCallback::OnLoopEnd'
     1>c:\users\sudheesh.nair\desktop\backup trekmo running\litil_divil_on_winrt\litil_divil_on_winrt\litil_divil_on_winrtcomponent\pax86renderer.cpp(184): error C2695: 'VoiceCallback::OnVoiceError': overriding virtual function differs from 'IXAudio2VoiceCallback::OnVoiceError' only by calling convention
                 c:\program files (x86)\windows phone kits\8.0\include\xaudio2.h(948) : see declaration of 'IXAudio2VoiceCallback::OnVoiceError'
     1>Done Building Project "C:\Users\Sudheesh.Nair\Desktop\Backup trekmo running\Litil_Divil_on_WinRt\Litil_Divil_on_WinRt\Litil_Divil_on_WinRtComponent\Litil_Divil_on_WinRtComponent.vcxproj" (Build target(s)) -- FAILED.

Build FAILED.

Time Elapsed 00:00:08.09
