C:\USERS\SUDHEESH.NAIR\DESKTOP\LITIL_DIVIL_ON_WINRT\LITIL_DIVIL_ON_WINRT\LITIL_DIVIL_ON_WINRTCOMPONENT\DEBUG\LITIL_DIVIL_ON_WINRTCOMPONENT.PCH
C:\USERS\SUDHEESH.NAIR\DESKTOP\LITIL_DIVIL_ON_WINRT\LITIL_DIVIL_ON_WINRT\LITIL_DIVIL_ON_WINRTCOMPONENT\DEBUG\PCH.OBJ
C:\USERS\SUDHEESH.NAIR\DESKTOP\LITIL_DIVIL_ON_WINRT\LITIL_DIVIL_ON_WINRT\LITIL_DIVIL_ON_WINRTCOMPONENT\DEBUG\VC110.PDB
C:\USERS\SUDHEESH.NAIR\DESKTOP\LITIL_DIVIL_ON_WINRT\LITIL_DIVIL_ON_WINRT\LITIL_DIVIL_ON_WINRTCOMPONENT\DEBUG\CUBERENDERER.OBJ
C:\USERS\SUDHEESH.NAIR\DESKTOP\LITIL_DIVIL_ON_WINRT\LITIL_DIVIL_ON_WINRT\LITIL_DIVIL_ON_WINRTCOMPONENT\DEBUG\DIRECT3DBASE.OBJ
C:\USERS\SUDHEESH.NAIR\DESKTOP\LITIL_DIVIL_ON_WINRT\LITIL_DIVIL_ON_WINRT\LITIL_DIVIL_ON_WINRTCOMPONENT\DEBUG\DIRECT3DCONTENTPROVIDER.OBJ
C:\USERS\SUDHEESH.NAIR\DESKTOP\LITIL_DIVIL_ON_WINRT\LITIL_DIVIL_ON_WINRT\LITIL_DIVIL_ON_WINRTCOMPONENT\DEBUG\LITIL_DIVIL_ON_WINRTCOMPONENT.OBJ
C:\USERS\SUDHEESH.NAIR\DESKTOP\BACKUP TREKMO RUNNING\LITIL_DIVIL_ON_WINRT\LITIL_DIVIL_ON_WINRT\LITIL_DIVIL_ON_WINRTCOMPONENT\DEBUG\LITIL_DIVIL_ON_WINRTCOMPONENT.PCH
C:\USERS\SUDHEESH.NAIR\DESKTOP\BACKUP TREKMO RUNNING\LITIL_DIVIL_ON_WINRT\LITIL_DIVIL_ON_WINRT\LITIL_DIVIL_ON_WINRTCOMPONENT\DEBUG\PCH.OBJ
C:\USERS\SUDHEESH.NAIR\DESKTOP\BACKUP TREKMO RUNNING\LITIL_DIVIL_ON_WINRT\LITIL_DIVIL_ON_WINRT\LITIL_DIVIL_ON_WINRTCOMPONENT\DEBUG\VC110.PDB
C:\USERS\SUDHEESH.NAIR\DESKTOP\BACKUP TREKMO RUNNING\LITIL_DIVIL_ON_WINRT\LITIL_DIVIL_ON_WINRT\LITIL_DIVIL_ON_WINRTCOMPONENT\DEBUG\DIRECT3DBASE.OBJ
C:\USERS\SUDHEESH.NAIR\DESKTOP\BACKUP TREKMO RUNNING\LITIL_DIVIL_ON_WINRT\LITIL_DIVIL_ON_WINRT\LITIL_DIVIL_ON_WINRTCOMPONENT\DEBUG\CUBERENDERER.OBJ
C:\USERS\SUDHEESH.NAIR\DESKTOP\BACKUP TREKMO RUNNING\LITIL_DIVIL_ON_WINRT\LITIL_DIVIL_ON_WINRT\LITIL_DIVIL_ON_WINRTCOMPONENT\DEBUG\DIRECT3DCONTENTPROVIDER.OBJ
C:\USERS\SUDHEESH.NAIR\DESKTOP\BACKUP TREKMO RUNNING\LITIL_DIVIL_ON_WINRT\LITIL_DIVIL_ON_WINRT\LITIL_DIVIL_ON_WINRTCOMPONENT\DEBUG\LITIL_DIVIL_ON_WINRTCOMPONENT.OBJ
C:\USERS\SUDHEESH.NAIR\DESKTOP\LITIL_DIVIL_ON_WINRT\DEBUG\LITIL_DIVIL_ON_WINRTCOMPONENT\SIMPLEPIXELSHADER.CSO
C:\USERS\SUDHEESH.NAIR\DESKTOP\LITIL_DIVIL_ON_WINRT\DEBUG\LITIL_DIVIL_ON_WINRTCOMPONENT\SIMPLEVERTEXSHADER.CSO
C:\USERS\SUDHEESH.NAIR\DESKTOP\BACKUP TREKMO RUNNING\LITIL_DIVIL_ON_WINRT\DEBUG\LITIL_DIVIL_ON_WINRTCOMPONENT\SIMPLEPIXELSHADER.CSO
C:\USERS\SUDHEESH.NAIR\DESKTOP\BACKUP TREKMO RUNNING\LITIL_DIVIL_ON_WINRT\DEBUG\LITIL_DIVIL_ON_WINRTCOMPONENT\SIMPLEVERTEXSHADER.CSO
C:\Users\Sudheesh.Nair\Desktop\Litil_Divil_on_WinRt\Debug\Litil_Divil_on_WinRtComponent\SimplePixelShader.cso
C:\Users\Sudheesh.Nair\Desktop\Litil_Divil_on_WinRt\Debug\Litil_Divil_on_WinRtComponent\SimpleVertexShader.cso
C:\Users\Sudheesh.Nair\Desktop\Litil_Divil_on_WinRt\Debug\Litil_Divil_on_WinRtComponent\Litil_Divil_on_WinRtComponent.lib
C:\Users\Sudheesh.Nair\Desktop\Litil_Divil_on_WinRt\Debug\Litil_Divil_on_WinRtComponent\Litil_Divil_on_WinRtComponent.exp
C:\Users\Sudheesh.Nair\Desktop\Backup trekmo running\Litil_Divil_on_WinRt\Debug\Litil_Divil_on_WinRtComponent\SimplePixelShader.cso
C:\Users\Sudheesh.Nair\Desktop\Backup trekmo running\Litil_Divil_on_WinRt\Debug\Litil_Divil_on_WinRtComponent\SimpleVertexShader.cso
C:\Users\Sudheesh.Nair\Desktop\Backup trekmo running\Litil_Divil_on_WinRt\Litil_Divil_on_WinRt\Litil_Divil_on_WinRtComponent\Debug\Litil_Divil_on_WinRtComponent.vcxprojResolveAssemblyReference.cache
C:\Users\Sudheesh.Nair\Desktop\Backup trekmo running\Litil_Divil_on_WinRt\Litil_Divil_on_WinRt\Litil_Divil_on_WinRtComponent\Debug\CubeRenderer.obj
C:\Users\Sudheesh.Nair\Desktop\Backup trekmo running\Litil_Divil_on_WinRt\Litil_Divil_on_WinRt\Litil_Divil_on_WinRtComponent\Debug\Direct3DBase.obj
C:\Users\Sudheesh.Nair\Desktop\Backup trekmo running\Litil_Divil_on_WinRt\Litil_Divil_on_WinRt\Litil_Divil_on_WinRtComponent\Debug\Direct3DContentProvider.obj
C:\Users\Sudheesh.Nair\Desktop\Backup trekmo running\Litil_Divil_on_WinRt\Litil_Divil_on_WinRt\Litil_Divil_on_WinRtComponent\Debug\Litil_Divil_on_WinRtComponent.obj
C:\Users\Sudheesh.Nair\Desktop\Backup trekmo running\Litil_Divil_on_WinRt\Litil_Divil_on_WinRt\Litil_Divil_on_WinRtComponent\Debug\pch.obj
C:\Users\Sudheesh.Nair\Desktop\Backup trekmo running\Litil_Divil_on_WinRt\Litil_Divil_on_WinRt\Litil_Divil_on_WinRtComponent\Debug\CL.1872.read.1.tlog
C:\Users\Sudheesh.Nair\Desktop\Backup trekmo running\Litil_Divil_on_WinRt\Litil_Divil_on_WinRt\Litil_Divil_on_WinRtComponent\Debug\CL.1872.write.1.tlog
C:\Users\Sudheesh.Nair\Desktop\Backup trekmo running\Litil_Divil_on_WinRt\Litil_Divil_on_WinRt\Litil_Divil_on_WinRtComponent\Debug\CL.2948.read.1.tlog
C:\Users\Sudheesh.Nair\Desktop\Backup trekmo running\Litil_Divil_on_WinRt\Litil_Divil_on_WinRt\Litil_Divil_on_WinRtComponent\Debug\CL.2948.write.1.tlog
C:\Users\Sudheesh.Nair\Desktop\Backup trekmo running\Litil_Divil_on_WinRt\Litil_Divil_on_WinRt\Litil_Divil_on_WinRtComponent\Debug\CL.3616.read.1.tlog
C:\Users\Sudheesh.Nair\Desktop\Backup trekmo running\Litil_Divil_on_WinRt\Litil_Divil_on_WinRt\Litil_Divil_on_WinRtComponent\Debug\CL.3616.write.1.tlog
C:\Users\Sudheesh.Nair\Desktop\Backup trekmo running\Litil_Divil_on_WinRt\Litil_Divil_on_WinRt\Litil_Divil_on_WinRtComponent\Debug\CL.5740.read.1.tlog
C:\Users\Sudheesh.Nair\Desktop\Backup trekmo running\Litil_Divil_on_WinRt\Litil_Divil_on_WinRt\Litil_Divil_on_WinRtComponent\Debug\CL.5740.write.1.tlog
C:\Users\Sudheesh.Nair\Desktop\Backup trekmo running\Litil_Divil_on_WinRt\Litil_Divil_on_WinRt\Litil_Divil_on_WinRtComponent\Debug\CL.6640.read.1.tlog
C:\Users\Sudheesh.Nair\Desktop\Backup trekmo running\Litil_Divil_on_WinRt\Litil_Divil_on_WinRt\Litil_Divil_on_WinRtComponent\Debug\CL.6640.write.1.tlog
C:\Users\Sudheesh.Nair\Desktop\Backup trekmo running\Litil_Divil_on_WinRt\Litil_Divil_on_WinRt\Litil_Divil_on_WinRtComponent\Debug\CL.6856.read.1.tlog
C:\Users\Sudheesh.Nair\Desktop\Backup trekmo running\Litil_Divil_on_WinRt\Litil_Divil_on_WinRt\Litil_Divil_on_WinRtComponent\Debug\CL.6856.write.1.tlog
C:\Users\Sudheesh.Nair\Desktop\Backup trekmo running\Litil_Divil_on_WinRt\Litil_Divil_on_WinRt\Litil_Divil_on_WinRtComponent\Debug\CL.7104.read.1.tlog
C:\Users\Sudheesh.Nair\Desktop\Backup trekmo running\Litil_Divil_on_WinRt\Litil_Divil_on_WinRt\Litil_Divil_on_WinRtComponent\Debug\CL.7104.write.1.tlog
C:\Users\Sudheesh.Nair\Desktop\Backup trekmo running\Litil_Divil_on_WinRt\Litil_Divil_on_WinRt\Litil_Divil_on_WinRtComponent\Debug\CL.8836.read.1.tlog
C:\Users\Sudheesh.Nair\Desktop\Backup trekmo running\Litil_Divil_on_WinRt\Litil_Divil_on_WinRt\Litil_Divil_on_WinRtComponent\Debug\CL.8836.write.1.tlog
C:\Users\Sudheesh.Nair\Desktop\Backup trekmo running\Litil_Divil_on_WinRt\Litil_Divil_on_WinRt\Litil_Divil_on_WinRtComponent\Debug\cl.command.1.tlog
C:\Users\Sudheesh.Nair\Desktop\Backup trekmo running\Litil_Divil_on_WinRt\Litil_Divil_on_WinRt\Litil_Divil_on_WinRtComponent\Debug\CL.read.1.tlog
C:\Users\Sudheesh.Nair\Desktop\Backup trekmo running\Litil_Divil_on_WinRt\Litil_Divil_on_WinRt\Litil_Divil_on_WinRtComponent\Debug\CL.write.1.tlog
C:\Users\Sudheesh.Nair\Desktop\Backup trekmo running\Litil_Divil_on_WinRt\Litil_Divil_on_WinRt\Litil_Divil_on_WinRtComponent\Debug\FXC.command.1.tlog
C:\Users\Sudheesh.Nair\Desktop\Backup trekmo running\Litil_Divil_on_WinRt\Litil_Divil_on_WinRt\Litil_Divil_on_WinRtComponent\Debug\fxc.read.1.tlog
C:\Users\Sudheesh.Nair\Desktop\Backup trekmo running\Litil_Divil_on_WinRt\Litil_Divil_on_WinRt\Litil_Divil_on_WinRtComponent\Debug\fxc.write.1.tlog
C:\Users\Sudheesh.Nair\Desktop\Backup trekmo running\Litil_Divil_on_WinRt\Litil_Divil_on_WinRt\Litil_Divil_on_WinRtComponent\Debug\link.4980.read.1.tlog
C:\Users\Sudheesh.Nair\Desktop\Backup trekmo running\Litil_Divil_on_WinRt\Litil_Divil_on_WinRt\Litil_Divil_on_WinRtComponent\Debug\link.4980.write.1.tlog
C:\Users\Sudheesh.Nair\Desktop\Backup trekmo running\Litil_Divil_on_WinRt\Litil_Divil_on_WinRt\Litil_Divil_on_WinRtComponent\Debug\link.command.1.tlog
C:\Users\Sudheesh.Nair\Desktop\Backup trekmo running\Litil_Divil_on_WinRt\Litil_Divil_on_WinRt\Litil_Divil_on_WinRtComponent\Debug\link.read.1.tlog
C:\Users\Sudheesh.Nair\Desktop\Backup trekmo running\Litil_Divil_on_WinRt\Litil_Divil_on_WinRt\Litil_Divil_on_WinRtComponent\Debug\link.write.1.tlog
C:\Users\Sudheesh.Nair\Desktop\Backup trekmo running\Litil_Divil_on_WinRt\Litil_Divil_on_WinRt\Litil_Divil_on_WinRtComponent\Debug\Litil_Divil_on_WinRtComponent.write.1.tlog
C:\Users\Sudheesh.Nair\Desktop\Backup trekmo running\Litil_Divil_on_WinRt\Litil_Divil_on_WinRt\Litil_Divil_on_WinRtComponent\Debug\Litil_Divil_on_WinRtComponent.pch
C:\Users\Sudheesh.Nair\Desktop\Backup trekmo running\Litil_Divil_on_WinRt\Litil_Divil_on_WinRt\Litil_Divil_on_WinRtComponent\Debug\vc110.idb
C:\Users\Sudheesh.Nair\Desktop\Backup trekmo running\Litil_Divil_on_WinRt\Litil_Divil_on_WinRt\Litil_Divil_on_WinRtComponent\Debug\vc110.pdb
