C:\USERS\SUDHEESH.NAIR\DESKTOP\LITIL_DIVIL_ON_WINRT\LITIL_DIVIL_ON_WINRT\LITIL_DIVIL_ON_WINRTCOMPONENT\DEBUG\LITIL_DIVIL_ON_WINRTCOMPONENT.PCH
C:\USERS\SUDHEESH.NAIR\DESKTOP\LITIL_DIVIL_ON_WINRT\LITIL_DIVIL_ON_WINRT\LITIL_DIVIL_ON_WINRTCOMPONENT\DEBUG\PCH.OBJ
C:\USERS\SUDHEESH.NAIR\DESKTOP\LITIL_DIVIL_ON_WINRT\LITIL_DIVIL_ON_WINRT\LITIL_DIVIL_ON_WINRTCOMPONENT\DEBUG\VC110.PDB
C:\USERS\SUDHEESH.NAIR\DESKTOP\LITIL_DIVIL_ON_WINRT\LITIL_DIVIL_ON_WINRT\LITIL_DIVIL_ON_WINRTCOMPONENT\DEBUG\DIRECT3DCONTENTPROVIDER.OBJ
C:\USERS\SUDHEESH.NAIR\DESKTOP\LITIL_DIVIL_ON_WINRT\LITIL_DIVIL_ON_WINRT\LITIL_DIVIL_ON_WINRTCOMPONENT\DEBUG\LITIL_DIVIL_ON_WINRTCOMPONENT.OBJ
C:\USERS\SUDHEESH.NAIR\DESKTOP\LITIL_DIVIL_ON_WINRT\LITIL_DIVIL_ON_WINRT\LITIL_DIVIL_ON_WINRTCOMPONENT\DEBUG\DIRECT3DBASE.OBJ
C:\USERS\SUDHEESH.NAIR\DESKTOP\LITIL_DIVIL_ON_WINRT\LITIL_DIVIL_ON_WINRT\LITIL_DIVIL_ON_WINRTCOMPONENT\DEBUG\CUBERENDERER.OBJ
C:\USERS\SUDHEESH.NAIR\DESKTOP\LITIL_DIVIL_ON_WINRT\DEBUG\LITIL_DIVIL_ON_WINRTCOMPONENT\SIMPLEPIXELSHADER.CSO
C:\USERS\SUDHEESH.NAIR\DESKTOP\LITIL_DIVIL_ON_WINRT\DEBUG\LITIL_DIVIL_ON_WINRTCOMPONENT\SIMPLEVERTEXSHADER.CSO
C:\USERS\SUDHEESH.NAIR\DESKTOP\LITIL_DIVIL_ON_WINRT\DEBUG\LITIL_DIVIL_ON_WINRTCOMPONENT\LITIL_DIVIL_ON_WINRTCOMPONENT.ILK
C:\USERS\SUDHEESH.NAIR\DESKTOP\LITIL_DIVIL_ON_WINRT\DEBUG\LITIL_DIVIL_ON_WINRTCOMPONENT\LITIL_DIVIL_ON_WINRTCOMPONENT.DLL
C:\USERS\SUDHEESH.NAIR\DESKTOP\LITIL_DIVIL_ON_WINRT\DEBUG\LITIL_DIVIL_ON_WINRTCOMPONENT\PHONEDIRECT3DXAMLAPPCOMPONENT.WINMD
C:\USERS\SUDHEESH.NAIR\DESKTOP\LITIL_DIVIL_ON_WINRT\DEBUG\LITIL_DIVIL_ON_WINRTCOMPONENT\LITIL_DIVIL_ON_WINRTCOMPONENT.PDB
C:\Users\Sudheesh.Nair\Desktop\Litil_Divil_on_WinRt\Debug\Litil_Divil_on_WinRtComponent\SimplePixelShader.cso
C:\Users\Sudheesh.Nair\Desktop\Litil_Divil_on_WinRt\Debug\Litil_Divil_on_WinRtComponent\SimpleVertexShader.cso
C:\Users\Sudheesh.Nair\Desktop\Litil_Divil_on_WinRt\Debug\Litil_Divil_on_WinRtComponent\Litil_Divil_on_WinRtComponent.lib
C:\Users\Sudheesh.Nair\Desktop\Litil_Divil_on_WinRt\Debug\Litil_Divil_on_WinRtComponent\Litil_Divil_on_WinRtComponent.exp
C:\Users\Sudheesh.Nair\Desktop\Litil_Divil_on_WinRt\Litil_Divil_on_WinRt\Litil_Divil_on_WinRtComponent\Debug\Litil_Divil_on_WinRtComponent.vcxprojResolveAssemblyReference.cache
C:\Users\Sudheesh.Nair\Desktop\Litil_Divil_on_WinRt\Litil_Divil_on_WinRt\Litil_Divil_on_WinRtComponent\Debug\CubeRenderer.obj
C:\Users\Sudheesh.Nair\Desktop\Litil_Divil_on_WinRt\Litil_Divil_on_WinRt\Litil_Divil_on_WinRtComponent\Debug\Direct3DBase.obj
C:\Users\Sudheesh.Nair\Desktop\Litil_Divil_on_WinRt\Litil_Divil_on_WinRt\Litil_Divil_on_WinRtComponent\Debug\Direct3DContentProvider.obj
C:\Users\Sudheesh.Nair\Desktop\Litil_Divil_on_WinRt\Litil_Divil_on_WinRt\Litil_Divil_on_WinRtComponent\Debug\Litil_Divil_on_WinRtComponent.obj
C:\Users\Sudheesh.Nair\Desktop\Litil_Divil_on_WinRt\Litil_Divil_on_WinRt\Litil_Divil_on_WinRtComponent\Debug\pch.obj
C:\Users\Sudheesh.Nair\Desktop\Litil_Divil_on_WinRt\Litil_Divil_on_WinRt\Litil_Divil_on_WinRtComponent\Debug\CL.1704.read.1.tlog
C:\Users\Sudheesh.Nair\Desktop\Litil_Divil_on_WinRt\Litil_Divil_on_WinRt\Litil_Divil_on_WinRtComponent\Debug\CL.1704.write.1.tlog
C:\Users\Sudheesh.Nair\Desktop\Litil_Divil_on_WinRt\Litil_Divil_on_WinRt\Litil_Divil_on_WinRtComponent\Debug\CL.6576.read.1.tlog
C:\Users\Sudheesh.Nair\Desktop\Litil_Divil_on_WinRt\Litil_Divil_on_WinRt\Litil_Divil_on_WinRtComponent\Debug\CL.6576.write.1.tlog
C:\Users\Sudheesh.Nair\Desktop\Litil_Divil_on_WinRt\Litil_Divil_on_WinRt\Litil_Divil_on_WinRtComponent\Debug\CL.7084.read.1.tlog
C:\Users\Sudheesh.Nair\Desktop\Litil_Divil_on_WinRt\Litil_Divil_on_WinRt\Litil_Divil_on_WinRtComponent\Debug\CL.7084.write.1.tlog
C:\Users\Sudheesh.Nair\Desktop\Litil_Divil_on_WinRt\Litil_Divil_on_WinRt\Litil_Divil_on_WinRtComponent\Debug\CL.8164.read.1.tlog
C:\Users\Sudheesh.Nair\Desktop\Litil_Divil_on_WinRt\Litil_Divil_on_WinRt\Litil_Divil_on_WinRtComponent\Debug\CL.8164.write.1.tlog
C:\Users\Sudheesh.Nair\Desktop\Litil_Divil_on_WinRt\Litil_Divil_on_WinRt\Litil_Divil_on_WinRtComponent\Debug\cl.command.1.tlog
C:\Users\Sudheesh.Nair\Desktop\Litil_Divil_on_WinRt\Litil_Divil_on_WinRt\Litil_Divil_on_WinRtComponent\Debug\CL.read.1.tlog
C:\Users\Sudheesh.Nair\Desktop\Litil_Divil_on_WinRt\Litil_Divil_on_WinRt\Litil_Divil_on_WinRtComponent\Debug\CL.write.1.tlog
C:\Users\Sudheesh.Nair\Desktop\Litil_Divil_on_WinRt\Litil_Divil_on_WinRt\Litil_Divil_on_WinRtComponent\Debug\FXC.command.1.tlog
C:\Users\Sudheesh.Nair\Desktop\Litil_Divil_on_WinRt\Litil_Divil_on_WinRt\Litil_Divil_on_WinRtComponent\Debug\fxc.read.1.tlog
C:\Users\Sudheesh.Nair\Desktop\Litil_Divil_on_WinRt\Litil_Divil_on_WinRt\Litil_Divil_on_WinRtComponent\Debug\fxc.write.1.tlog
C:\Users\Sudheesh.Nair\Desktop\Litil_Divil_on_WinRt\Litil_Divil_on_WinRt\Litil_Divil_on_WinRtComponent\Debug\link.command.1.tlog
C:\Users\Sudheesh.Nair\Desktop\Litil_Divil_on_WinRt\Litil_Divil_on_WinRt\Litil_Divil_on_WinRtComponent\Debug\link.read.1.tlog
C:\Users\Sudheesh.Nair\Desktop\Litil_Divil_on_WinRt\Litil_Divil_on_WinRt\Litil_Divil_on_WinRtComponent\Debug\link.write.1.tlog
C:\Users\Sudheesh.Nair\Desktop\Litil_Divil_on_WinRt\Litil_Divil_on_WinRt\Litil_Divil_on_WinRtComponent\Debug\Litil_Divil_on_WinRtComponent.write.1.tlog
C:\Users\Sudheesh.Nair\Desktop\Litil_Divil_on_WinRt\Litil_Divil_on_WinRt\Litil_Divil_on_WinRtComponent\Debug\Litil_Divil_on_WinRtComponent.pch
C:\Users\Sudheesh.Nair\Desktop\Litil_Divil_on_WinRt\Litil_Divil_on_WinRt\Litil_Divil_on_WinRtComponent\Debug\vc110.idb
C:\Users\Sudheesh.Nair\Desktop\Litil_Divil_on_WinRt\Litil_Divil_on_WinRt\Litil_Divil_on_WinRtComponent\Debug\vc110.pdb
C:\Users\Sudheesh.Nair\Desktop\Litil_Divil_on_WinRt\Debug\Litil_Divil_on_WinRtComponent\Litil_Divil_on_WinRtComponent.pdb
